<?xml version="1.0" encoding="UTF-8"?>
<!-- Generated by org.testng.reporters.JUnitXMLReporter -->
<testsuite ignored="0" hostname="ASUSVivobook16x" failures="0" tests="2" name="Default test" time="17.673" errors="0" timestamp="2025-06-08T16:54:54 IST">
  <testcase classname="com.tutorialninja.qa.testcases.Register" name="VerifyRegisteringAnAccountWithMandatoryFields" time="2.247"/>
  <testcase classname="com.tutorialninja.qa.testcases.Register" name="VerifyRegisteringAnAccountWithAllFields" time="2.104"/>
</testsuite> <!-- Default test -->
