<?xml version="1.0" encoding="UTF-8"?>
<!-- Generated by org.testng.reporters.JUnitXMLReporter -->
<testsuite ignored="0" hostname="ASUSVivobook16x" failures="0" tests="12" name="Testcases" time="95.737" errors="0" timestamp="2025-06-09T12:53:59 IST">
  <testcase classname="com.tutorialninja.qa.testcases.RegisterTest" name="VerifyRegisteringAnAccountWithMandatoryFields" time="2.47"/>
  <testcase classname="com.tutorialninja.qa.testcases.RegisterTest" name="VerifyRegisteringAccountWithoutFillingAnyDetails" time="0.926"/>
  <testcase classname="com.tutorialninja.qa.testcases.RegisterTest" name="VerifyRegisteringAnAccountWithExistingEmailAddress" time="1.855"/>
  <testcase classname="com.tutorialninja.qa.testcases.RegisterTest" name="VerifyRegisteringAnAccountWithAllFields" time="2.22"/>
  <testcase classname="com.tutorialninja.qa.testcases.LoginTest" name="verifyLoginWithValidCredentials" time="1.234"/>
  <testcase classname="com.tutorialninja.qa.testcases.LoginTest" name="verifyLoginWithInvalidCredentials" time="1.305"/>
  <testcase classname="com.tutorialninja.qa.testcases.LoginTest" name="verifyLoginWithInvalidEmailAndValidPassword" time="1.103"/>
  <testcase classname="com.tutorialninja.qa.testcases.LoginTest" name="verifyLoginWithValidEmailAndInvalidPassword" time="1.08"/>
  <testcase classname="com.tutorialninja.qa.testcases.LoginTest" name="verifyLoginWithoutCredentials" time="1.184"/>
  <testcase classname="com.tutorialninja.qa.testcases.SearchTest" name="verifySearchWithInvalidProduct" time="0.669"/>
  <testcase classname="com.tutorialninja.qa.testcases.SearchTest" name="verifySearchWithValidProduct" time="1.017"/>
  <testcase classname="com.tutorialninja.qa.testcases.SearchTest" name="verifySearchWithoutAnyProduct" time="0.473"/>
</testsuite> <!-- Testcases -->
